<?xml version="1.0" encoding="UTF-8"?>
<testng-results skipped="0" failed="0" total="1" passed="1">
  <reporter-output>
  </reporter-output>
  <suite name="Default suite" duration-ms="3500" started-at="2021-11-19T18:56:44Z" finished-at="2021-11-19T18:56:48Z">
    <groups>
    </groups>
    <test name="Default test" duration-ms="3500" started-at="2021-11-19T18:56:44Z" finished-at="2021-11-19T18:56:48Z">
      <class name="restAPI.GETRequestTestTwo">
        <test-method status="PASS" signature="getDetails()[pri:0, instance:restAPI.GETRequestTestTwo@5ec0a365]" name="getDetails" duration-ms="3474" started-at="2021-11-20T00:26:44Z" finished-at="2021-11-20T00:26:48Z">
          <reporter-output>
          </reporter-output>
        </test-method> <!-- getDetails -->
      </class> <!-- restAPI.GETRequestTestTwo -->
    </test> <!-- Default test -->
  </suite> <!-- Default suite -->
</testng-results>
